<?xml version="1.0" encoding="UTF-8"?>
<!-- Generated by org.testng.reporters.JUnitXMLReporter -->
<testsuite hostname="CinQAVDI037" name="Test" tests="3" failures="0" timestamp="26 Aug 2019 13:50:59 GMT" time="117.38" errors="0">
  <testcase name="tc1_verifyHomePageTitle" time="48.644" classname="com.travels.newtours.test.NewTour"/>
  <testcase name="tc2_verifyConfirmationMessage" time="44.453" classname="com.travels.newtours.test.NewTour"/>
  <testcase name="tc3_verifyFlightFinderHeading" time="24.016" classname="com.travels.newtours.test.NewTour"/>
</testsuite> <!-- Test -->
